<?xml version="1.0" encoding="UTF-8"?>
<!-- Generated by org.testng.reporters.JUnitReportReporter -->
<testsuite skipped="1" hostname="ICPL12746" name="com.flipkartweb.steps.NewScenerio" tests="1" failures="0" timestamp="29 Jan 2018 05:15:16 GMT" time="0.111" errors="0">
  <testcase name="checkTestOrderFlow" time="0.111" classname="com.flipkartweb.steps.NewScenerio">
    <skipped/>
  </testcase> <!-- checkTestOrderFlow -->
</testsuite> <!-- com.flipkartweb.steps.NewScenerio -->
