<?xml version="1.0" encoding="UTF-8"?>
<!-- Generated by org.testng.reporters.JUnitReportReporter -->
<testsuite skipped="0" hostname="ICPL12746" name="com.flipkartweb.steps.GitJenkinsSteps" tests="1" failures="0" timestamp="29 Jan 2018 11:03:01 GMT" time="27.775" errors="0">
  <testcase name="checkTestOrderFlow" time="27.775" classname="com.flipkartweb.steps.GitJenkinsSteps"/>
</testsuite> <!-- com.flipkartweb.steps.GitJenkinsSteps -->
