<?xml version="1.0" encoding="UTF-8"?>
<!-- Generated by org.testng.reporters.JUnitReportReporter -->
<testsuite name="com.qmetry.qaf.automation.step.client.Scenario" tests="1" time="36.767" ignored="0" failures="0" timestamp="28 Dec 2017 05:38:08 GMT" skipped="0" hostname="ICPL12746" errors="0">
  <testcase name="Order At Flipkart" time="36.767" classname="com.qmetry.qaf.automation.step.client.Scenario"/>
</testsuite> <!-- com.qmetry.qaf.automation.step.client.Scenario -->
