<?xml version="1.0" encoding="UTF-8"?>
<!-- Generated by org.testng.reporters.JUnitReportReporter -->
<testsuite name="com.qmetry.qaf.automation.step.client.DataDrivenScenario" tests="1" time="55.612" ignored="1" failures="0" timestamp="28 Dec 2017 07:12:27 GMT" skipped="0" hostname="ICPL12746" errors="0">
  <testcase name="Order Verification" time="55.612" classname="com.qmetry.qaf.automation.step.client.DataDrivenScenario"/>
  <testcase name="Order Verification" classname="com.qmetry.qaf.automation.step.client.DataDrivenScenario">
    <skipped/>
  </testcase> <!-- Order Verification -->
</testsuite> <!-- com.qmetry.qaf.automation.step.client.DataDrivenScenario -->
